[2017-04-14 11:04:25 $12001.0]	NOTICE	Server is reloading now.
[2017-04-14 11:05:03 $12001.0]	NOTICE	Server is reloading now.
[2017-04-14 12:03:14 $12001.0]	NOTICE	Server is reloading now.
[2017-04-17 10:24:29 *12629.8]	WARNING	swSignalfd_onSignal: signal[13] callback is null.
[2017-04-17 10:28:51 $12001.0]	NOTICE	Server is reloading now.
[2017-04-17 11:25:30 $12001.0]	NOTICE	Server is reloading now.
[2017-04-17 11:26:31 $12001.0]	NOTICE	Server is reloading now.
[2017-04-17 14:37:23 *27089.6]	WARNING	swSignalfd_onSignal: signal[13] callback is null.
PHP Fatal error:  Uncaught Error: Class 'Business\TestModel' not found in /var/www/webrpc/application/modules/Api/controllers/Test.php:76
Stack trace:
#0 [internal function]: TestController->dbtestAction()
#1 /var/www/webrpc/application/library/HttpServer.php(89): Yaf\Dispatcher->dispatch(Object(Yaf\Request\Http))
#2 {main}
  thrown in /var/www/webrpc/application/modules/Api/controllers/Test.php on line 76
[2017-04-17 14:48:15 *27097.14]	ERROR	zm_deactivate_swoole (ERROR 503): Fatal error: Uncaught Error: Class 'Business\TestModel' not found in /var/www/webrpc/application/modules/Api/controllers/Test.php:76
Stack trace:
#0 [internal function]: TestController->dbtestAction()
#1 /var/www/webrpc/application/library/HttpServer.php(89): Yaf\Dispatcher->dispatch(Object(Yaf\Request\Http))
#2 {main}
  thrown in /var/www/webrpc/application/modules/Api/controllers/Test.php on line 76.
[2017-04-17 14:48:15 $12001.0]	WARNING	swManager_check_exit_status: worker#14 abnormal exit, status=255, signal=0
[2017-04-17 14:52:36 $12001.0]	NOTICE	Server is reloading now.
[2017-04-17 15:10:01 #12000.0]	ERROR	swReactorThread_send (ERROR 1005): send event$[4] failed, session#1282 does not exist.
[2017-04-17 15:10:01 #12000.4]	ERROR	swReactorThread_send (ERROR 1005): send event$[4] failed, session#1433 does not exist.
[2017-04-17 15:10:02 #12000.5]	ERROR	swReactorThread_send (ERROR 1005): send event$[4] failed, session#8179 does not exist.
[2017-04-17 15:10:02 #12000.7]	ERROR	swReactorThread_send (ERROR 1005): send event$[4] failed, session#8371 does not exist.
[2017-04-17 15:10:02 #12000.5]	ERROR	swReactorThread_send (ERROR 1005): send event$[4] failed, session#8871 does not exist.
[2017-04-17 15:10:39 $12001.0]	NOTICE	Server is reloading now.
[2017-04-17 15:10:45 #12000.0]	NOTICE	Server is shutdown now.
[2017-04-17 15:12:37 $24931.0]	NOTICE	Server is reloading now.
[2017-04-17 15:12:41 #24930.0]	NOTICE	Server is shutdown now.
[2017-04-17 15:13:05 #26988.0]	ERROR	swReactorThread_send (ERROR 1005): send event$[4] failed, session#492 does not exist.
[2017-04-17 15:13:05 #26988.2]	ERROR	swReactorThread_send (ERROR 1005): send event$[4] failed, session#882 does not exist.
[2017-04-17 15:13:05 #26988.0]	ERROR	swReactorThread_send (ERROR 1005): send event$[4] failed, session#4403 does not exist.
[2017-04-17 15:13:05 #26988.4]	ERROR	swReactorThread_send (ERROR 1005): send event$[4] failed, session#5437 does not exist.
[2017-04-17 15:13:05 #26988.3]	ERROR	swReactorThread_send (ERROR 1005): send event$[4] failed, session#7330 does not exist.
[2017-04-17 15:13:06 #26988.5]	ERROR	swReactorThread_send (ERROR 1005): send event$[4] failed, session#9321 does not exist.
[2017-04-17 17:44:11 $31155.0]	NOTICE	Server is reloading now.
array(9) {
  ["router"]=>
  string(19) "api/iwencai/openapi"
  ["id"]=>
  int(12)
  ["name"]=>
  string(20) "I问财openapi平台"
  ["url"]=>
  string(48) "http://192.168.207.251:801/search/v1/stockyuqing"
  ["parameter"]=>
  NULL
  ["isauth"]=>
  int(1)
  ["host"]=>
  string(0) ""
  ["appid"]=>
  string(13) "58eae00591d05"
  ["header"]=>
  array(1) {
    ["Access-Token"]=>
    string(47) "8bcc3c1a584370bceb22fe93ef9e425a.1492396676.661"
  }
}
[2017-04-17 17:44:14 *26567.1]	ERROR	zm_deactivate_swoole (ERROR 9003): worker process is terminated by exit()/die().
object(stdClass)#33 (2) {
  ["errorcode"]=>
  int(-10001)
  ["errormsg"]=>
  string(30) "auth faild, token check faild!"
}
[2017-04-17 17:48:12 *26569.3]	ERROR	zm_deactivate_swoole (ERROR 9003): worker process is terminated by exit()/die().
[2017-04-17 17:50:42 $31155.0]	NOTICE	Server is reloading now.
object(stdClass)#35 (4) {
  ["errorcode"]=>
  int(-10006)
  ["errormsg"]=>
  string(53) "The requested URL returned error: 405 Not Allowed[22]"
  ["time"]=>
  float(0.00209)
  ["result"]=>
  NULL
}
[2017-04-17 17:52:41 *32631.2]	ERROR	zm_deactivate_swoole (ERROR 9003): worker process is terminated by exit()/die().
object(stdClass)#35 (4) {
  ["errorcode"]=>
  int(-10006)
  ["errormsg"]=>
  string(53) "The requested URL returned error: 405 Not Allowed[22]"
  ["time"]=>
  float(0.001898)
  ["result"]=>
  NULL
}
[2017-04-17 17:53:07 *32633.4]	ERROR	zm_deactivate_swoole (ERROR 9003): worker process is terminated by exit()/die().
object(stdClass)#35 (4) {
  ["errorcode"]=>
  int(-10006)
  ["errormsg"]=>
  string(53) "The requested URL returned error: 405 Not Allowed[22]"
  ["time"]=>
  float(0.001844)
  ["result"]=>
  NULL
}
[2017-04-17 17:53:07 *32635.6]	ERROR	zm_deactivate_swoole (ERROR 9003): worker process is terminated by exit()/die().
object(stdClass)#35 (4) {
  ["errorcode"]=>
  int(-10006)
  ["errormsg"]=>
  string(53) "The requested URL returned error: 405 Not Allowed[22]"
  ["time"]=>
  float(0.001896)
  ["result"]=>
  NULL
}
[2017-04-17 17:53:07 *32637.8]	ERROR	zm_deactivate_swoole (ERROR 9003): worker process is terminated by exit()/die().
object(stdClass)#35 (4) {
  ["errorcode"]=>
  int(-10006)
  ["errormsg"]=>
  string(53) "The requested URL returned error: 405 Not Allowed[22]"
  ["time"]=>
  float(0.001803)
  ["result"]=>
  NULL
}
[2017-04-17 17:53:07 *32639.10]	ERROR	zm_deactivate_swoole (ERROR 9003): worker process is terminated by exit()/die().
object(stdClass)#35 (4) {
  ["errorcode"]=>
  int(-10006)
  ["errormsg"]=>
  string(53) "The requested URL returned error: 405 Not Allowed[22]"
  ["time"]=>
  float(0.001332)
  ["result"]=>
  NULL
}
[2017-04-17 17:53:08 *32641.12]	ERROR	zm_deactivate_swoole (ERROR 9003): worker process is terminated by exit()/die().
[2017-04-17 17:53:21 $31155.0]	NOTICE	Server is reloading now.
object(stdClass)#35 (4) {
  ["errorcode"]=>
  int(-10006)
  ["errormsg"]=>
  string(53) "The requested URL returned error: 405 Not Allowed[22]"
  ["time"]=>
  float(0.001938)
  ["result"]=>
  NULL
}
[2017-04-17 17:53:22 *458.14]	ERROR	zm_deactivate_swoole (ERROR 9003): worker process is terminated by exit()/die().
[2017-04-17 18:58:26 $31155.0]	NOTICE	Server is reloading now.
[2017-04-17 18:58:52 $31155.0]	NOTICE	Server is reloading now.
[2017-04-17 18:59:10 $31155.0]	NOTICE	Server is reloading now.
[2017-04-17 19:50:11 $31155.0]	NOTICE	Server is reloading now.
[2017-04-17 19:53:41 $31155.0]	NOTICE	Server is reloading now.
[2017-04-17 20:18:23 $31155.0]	NOTICE	Server is reloading now.
[2017-04-17 20:20:27 $31155.0]	NOTICE	Server is reloading now.
[2017-04-17 20:20:57 $31155.0]	NOTICE	Server is reloading now.
[2017-04-17 20:21:37 $31155.0]	NOTICE	Server is reloading now.
[2017-04-17 20:21:45 $31155.0]	NOTICE	Server is reloading now.
[2017-04-17 20:22:03 $31155.0]	NOTICE	Server is reloading now.
[2017-04-17 20:22:10 #31154.0]	NOTICE	Server is shutdown now.
[2017-04-17 20:22:41 #1103.0]	ERROR	swReactorThread_send (ERROR 1005): send event$[4] failed, session#6152 does not exist.
[2017-04-17 20:22:42 #1103.6]	ERROR	swReactorThread_send (ERROR 1005): send event$[4] failed, session#8210 does not exist.
[2017-04-17 20:23:30 #1442.1]	ERROR	swReactorThread_send (ERROR 1005): send event$[4] failed, session#17812 does not exist.
[2017-04-17 20:23:47 #1597.3]	ERROR	swReactorThread_send (ERROR 1005): send event$[4] failed, session#3610 does not exist.
[2017-04-17 20:23:51 #1597.5]	ERROR	swReactorThread_send (ERROR 1005): send event$[4] failed, session#15755 does not exist.
[2017-04-17 20:23:51 #1597.7]	ERROR	swReactorThread_send (ERROR 1005): send event$[4] failed, session#17917 does not exist.
[2017-04-17 20:23:53 #1597.4]	ERROR	swReactorThread_send (ERROR 1005): send event$[4] failed, session#22432 does not exist.
[2017-04-17 20:23:58 #1597.1]	ERROR	swReactorThread_send (ERROR 1005): send event$[4] failed, session#32616 does not exist.
[2017-04-17 20:23:59 #1597.7]	ERROR	swReactorThread_send (ERROR 1005): send event$[4] failed, session#38632 does not exist.
[2017-04-17 20:24:08 #1597.3]	ERROR	swReactorThread_send (ERROR 1005): send event$[4] failed, session#41224 does not exist.
[2017-04-17 20:24:08 #1597.4]	ERROR	swReactorThread_send (ERROR 1005): send event$[4] failed, session#41564 does not exist.
[2017-04-17 20:24:09 #1597.4]	ERROR	swReactorThread_send (ERROR 1005): send event$[4] failed, session#44709 does not exist.
[2017-04-17 20:24:09 #1597.2]	ERROR	swReactorThread_send (ERROR 1005): send event$[4] failed, session#45366 does not exist.
[2017-04-17 20:24:10 #1597.2]	ERROR	swReactorThread_send (ERROR 1005): send event$[4] failed, session#46985 does not exist.
[2017-04-17 20:24:10 #1597.4]	ERROR	swReactorThread_send (ERROR 1005): send event$[4] failed, session#49683 does not exist.
[2017-04-17 20:24:14 #1597.7]	ERROR	swReactorThread_send (ERROR 1005): send event$[4] failed, session#53425 does not exist.
[2017-04-17 20:24:14 #1597.5]	ERROR	swReactorThread_send (ERROR 1005): send event$[4] failed, session#53920 does not exist.
[2017-04-17 20:24:14 #1597.2]	ERROR	swReactorThread_send (ERROR 1005): send event$[4] failed, session#53878 does not exist.
[2017-04-17 20:24:14 #1597.5]	ERROR	swReactorThread_send (ERROR 1005): send event$[4] failed, session#55339 does not exist.
[2017-04-17 20:24:14 #1597.1]	ERROR	swReactorThread_send (ERROR 1005): send event$[4] failed, session#57024 does not exist.
[2017-04-17 20:24:14 #1597.5]	ERROR	swReactorThread_send (ERROR 1005): send event$[4] failed, session#57348 does not exist.
[2017-04-17 20:24:15 #1597.0]	ERROR	swReactorThread_send (ERROR 1005): send event$[4] failed, session#58302 does not exist.
[2017-04-17 20:24:15 #1597.2]	ERROR	swReactorThread_send (ERROR 1005): send event$[4] failed, session#58316 does not exist.
[2017-04-17 20:24:17 #1597.1]	ERROR	swReactorThread_send (ERROR 1005): send event$[4] failed, session#61536 does not exist.
[2017-04-17 20:24:18 #1597.1]	ERROR	swReactorThread_send (ERROR 1005): send event$[4] failed, session#62071 does not exist.
[2017-04-17 20:24:18 #1597.2]	ERROR	swReactorThread_send (ERROR 1005): send event$[4] failed, session#63215 does not exist.
[2017-04-17 20:24:18 #1597.7]	ERROR	swReactorThread_send (ERROR 1005): send event$[4] failed, session#63723 does not exist.
[2017-04-17 20:24:18 #1597.5]	ERROR	swReactorThread_send (ERROR 1005): send event$[4] failed, session#63744 does not exist.
[2017-04-17 20:24:18 #1597.1]	ERROR	swReactorThread_send (ERROR 1005): send event$[4] failed, session#65024 does not exist.
[2017-04-17 20:24:18 #1597.5]	ERROR	swReactorThread_send (ERROR 1005): send event$[4] failed, session#65057 does not exist.
[2017-04-17 20:24:18 #1597.2]	ERROR	swReactorThread_send (ERROR 1005): send event$[4] failed, session#65957 does not exist.
[2017-04-17 20:24:18 #1597.0]	ERROR	swReactorThread_send (ERROR 1005): send event$[4] failed, session#66021 does not exist.
[2017-04-17 20:24:18 #1597.0]	ERROR	swReactorThread_send (ERROR 1005): send event$[4] failed, session#68140 does not exist.
[2017-04-17 20:24:20 #1597.5]	ERROR	swReactorThread_send (ERROR 1005): send event$[4] failed, session#71181 does not exist.
[2017-04-17 20:24:20 #1597.7]	ERROR	swReactorThread_send (ERROR 1005): send event$[4] failed, session#72888 does not exist.
[2017-04-17 20:24:20 #1597.3]	ERROR	swReactorThread_send (ERROR 1005): send event$[4] failed, session#75521 does not exist.
[2017-04-17 20:24:21 #1597.6]	ERROR	swReactorThread_send (ERROR 1005): send event$[4] failed, session#79635 does not exist.
[2017-04-17 20:24:40 #1704.3]	ERROR	swReactorThread_send (ERROR 1005): send event$[4] failed, session#896 does not exist.
[2017-04-17 20:24:40 #1704.3]	ERROR	swReactorThread_send (ERROR 1005): send event$[4] failed, session#2307 does not exist.
[2017-04-17 20:24:40 #1704.0]	ERROR	swReactorThread_send (ERROR 1005): send event$[4] failed, session#2566 does not exist.
[2017-04-17 20:24:41 #1704.0]	ERROR	swReactorThread_send (ERROR 1005): send event$[4] failed, session#7124 does not exist.
[2017-04-17 20:24:41 #1704.6]	ERROR	swReactorThread_send (ERROR 1005): send event$[4] failed, session#9351 does not exist.
[2017-04-17 20:24:41 #1704.4]	ERROR	swReactorThread_send (ERROR 1005): send event$[4] failed, session#9617 does not exist.
[2017-04-17 20:24:44 #1704.1]	ERROR	swReactorThread_send (ERROR 1005): send event$[4] failed, session#11956 does not exist.
[2017-04-17 20:24:44 #1704.0]	ERROR	swReactorThread_send (ERROR 1005): send event$[4] failed, session#11979 does not exist.
[2017-04-17 20:24:44 #1704.6]	ERROR	swReactorThread_send (ERROR 1005): send event$[4] failed, session#13732 does not exist.
[2017-04-17 20:24:44 #1704.0]	ERROR	swReactorThread_send (ERROR 1005): send event$[4] failed, session#13591 does not exist.
[2017-04-17 20:24:44 #1704.1]	ERROR	swReactorThread_send (ERROR 1005): send event$[4] failed, session#13847 does not exist.
[2017-04-17 20:24:45 #1704.4]	ERROR	swReactorThread_send (ERROR 1005): send event$[4] failed, session#18358 does not exist.
[2017-04-17 20:24:45 #1704.4]	ERROR	swReactorThread_send (ERROR 1005): send event$[4] failed, session#18131 does not exist.
[2017-04-17 20:24:45 #1704.1]	ERROR	swReactorThread_send (ERROR 1005): send event$[4] failed, session#19186 does not exist.
[2017-04-17 20:24:45 #1704.0]	ERROR	swReactorThread_send (ERROR 1005): send event$[4] failed, session#19253 does not exist.
[2017-04-17 20:24:47 #1704.2]	ERROR	swReactorThread_send (ERROR 1005): send event$[4] failed, session#20507 does not exist.
[2017-04-17 20:24:47 *1729.14]	ERROR	swFactoryProcess_finish (ERROR 1005): connection[fd=20591] does not exists.
[2017-04-17 20:24:47 #1704.3]	ERROR	swReactorThread_send (ERROR 1005): send event$[4] failed, session#21156 does not exist.
[2017-04-17 20:24:47 #1704.3]	ERROR	swReactorThread_send (ERROR 1005): send event$[4] failed, session#21434 does not exist.
[2017-04-17 20:24:47 #1704.5]	ERROR	swReactorThread_send (ERROR 1005): send event$[4] failed, session#21744 does not exist.
[2017-04-17 20:24:48 #1704.3]	ERROR	swReactorThread_send (ERROR 1005): send event$[4] failed, session#23303 does not exist.
[2017-04-17 20:24:48 #1704.4]	ERROR	swReactorThread_send (ERROR 1005): send event$[4] failed, session#24391 does not exist.
[2017-04-17 20:24:48 #1704.7]	ERROR	swReactorThread_send (ERROR 1005): send event$[4] failed, session#24605 does not exist.
[2017-04-17 20:24:48 #1704.5]	ERROR	swReactorThread_send (ERROR 1005): send event$[4] failed, session#24961 does not exist.
[2017-04-17 20:24:48 #1704.5]	ERROR	swReactorThread_send (ERROR 1005): send event$[4] failed, session#24979 does not exist.
[2017-04-17 20:24:48 #1704.7]	ERROR	swReactorThread_send (ERROR 1005): send event$[4] failed, session#24993 does not exist.
[2017-04-17 20:24:49 #1704.5]	ERROR	swReactorThread_send (ERROR 1005): send event$[4] failed, session#28137 does not exist.
[2017-04-17 20:24:49 #1704.4]	ERROR	swReactorThread_send (ERROR 1005): send event$[4] failed, session#28502 does not exist.
[2017-04-17 20:25:03 #1733.3]	ERROR	swReactorThread_send (ERROR 1005): send event$[4] failed, session#6293 does not exist.
[2017-04-17 20:25:03 #1733.6]	ERROR	swReactorThread_send (ERROR 1005): send event$[4] failed, session#6506 does not exist.
[2017-04-17 20:25:03 #1733.3]	ERROR	swReactorThread_send (ERROR 1005): send event$[4] failed, session#9234 does not exist.
[2017-04-17 20:25:58 #1733.5]	ERROR	swReactorThread_send (ERROR 1005): send event$[4] failed, session#10414 does not exist.
[2017-04-17 20:25:59 #1733.7]	ERROR	swReactorThread_send (ERROR 1005): send event$[4] failed, session#13658 does not exist.
[2017-04-17 20:25:59 #1733.2]	ERROR	swReactorThread_send (ERROR 1005): send event$[4] failed, session#13695 does not exist.
[2017-04-17 20:25:59 #1733.2]	ERROR	swReactorThread_send (ERROR 1005): send event$[4] failed, session#16322 does not exist.
[2017-04-17 20:25:59 #1733.5]	ERROR	swReactorThread_send (ERROR 1005): send event$[4] failed, session#17936 does not exist.
[2017-04-17 20:25:59 #1733.5]	ERROR	swReactorThread_send (ERROR 1005): send event$[4] failed, session#18525 does not exist.
[2017-04-17 20:26:00 #1733.6]	ERROR	swReactorThread_send (ERROR 1005): send event$[4] failed, session#19936 does not exist.
[2017-04-17 20:26:22 #1733.5]	ERROR	swReactorThread_send (ERROR 1005): send event$[4] failed, session#24044 does not exist.
[2017-04-17 20:26:22 #1733.7]	ERROR	swReactorThread_send (ERROR 1005): send event$[4] failed, session#24170 does not exist.
[2017-04-17 20:26:22 #1733.4]	ERROR	swReactorThread_send (ERROR 1005): send event$[4] failed, session#24386 does not exist.
[2017-04-17 20:26:23 #1733.4]	ERROR	swReactorThread_send (ERROR 1005): send event$[4] failed, session#26068 does not exist.
[2017-04-17 20:26:23 #1733.1]	ERROR	swReactorThread_send (ERROR 1005): send event$[4] failed, session#27449 does not exist.
[2017-04-17 20:26:23 #1733.2]	ERROR	swReactorThread_send (ERROR 1005): send event$[4] failed, session#27714 does not exist.
[2017-04-17 20:26:23 *1773.29]	WARNING	http_onReceive: connection[29891] is closed.
[2017-04-17 20:26:23 *1773.29]	WARNING	http_onReceive: connection[29919] is closed.
[2017-04-17 20:26:23 *1773.29]	WARNING	http_onReceive: connection[29985] is closed.
[2017-04-17 20:26:23 *1773.29]	WARNING	http_onReceive: connection[30011] is closed.
[2017-04-17 20:26:23 *1773.29]	ERROR	swFactoryProcess_finish (ERROR 1005): connection[fd=30048] does not exists.
[2017-04-17 20:26:23 *1773.29]	ERROR	swFactoryProcess_finish (ERROR 1005): connection[fd=30048] does not exists.
[2017-04-17 20:26:23 *1773.29]	ERROR	swFactoryProcess_finish (ERROR 1005): connection[fd=30081] does not exists.
[2017-04-17 20:26:29 #1883.5]	ERROR	swReactorThread_send (ERROR 1005): send event$[4] failed, session#1511 does not exist.
[2017-04-17 20:26:29 #1883.4]	ERROR	swReactorThread_send (ERROR 1005): send event$[4] failed, session#2875 does not exist.
[2017-04-17 20:26:29 #1883.4]	ERROR	swReactorThread_send (ERROR 1005): send event$[4] failed, session#2892 does not exist.
[2017-04-17 20:26:29 #1883.0]	ERROR	swReactorThread_send (ERROR 1005): send event$[4] failed, session#2995 does not exist.
[2017-04-17 20:26:30 *1920.26]	ERROR	swFactoryProcess_finish (ERROR 1005): connection[fd=10076] does not exists.
[2017-04-17 20:26:30 #1883.2]	ERROR	swReactorThread_send (ERROR 1005): send 3878 byte failed, session#10078 does not exist.
[2017-04-17 20:26:30 #1883.2]	ERROR	swReactorThread_send (ERROR 1005): send event$[4] failed, session#10078 does not exist.
[2017-04-17 20:27:19 #1980.2]	ERROR	swReactorThread_send (ERROR 1005): send event$[4] failed, session#1345 does not exist.
[2017-04-17 20:27:19 #1980.1]	ERROR	swReactorThread_send (ERROR 1005): send event$[4] failed, session#1440 does not exist.
[2017-04-17 20:27:19 *2018.27]	ERROR	swFactoryProcess_finish (ERROR 1005): connection[fd=2299] does not exists.
[2017-04-17 20:27:19 #1980.3]	ERROR	swReactorThread_send (ERROR 1005): send event$[4] failed, session#2924 does not exist.
[2017-04-17 20:27:20 #1980.1]	ERROR	swReactorThread_send (ERROR 1005): send event$[4] failed, session#7008 does not exist.
[2017-04-17 20:27:24 #1980.3]	ERROR	swReactorThread_send (ERROR 1005): send event$[4] failed, session#13234 does not exist.
[2017-04-17 20:27:24 #1980.2]	ERROR	swReactorThread_send (ERROR 1005): send event$[4] failed, session#15433 does not exist.
[2017-04-17 20:27:28 #1980.1]	ERROR	swReactorThread_send (ERROR 1005): send event$[4] failed, session#22540 does not exist.
[2017-04-17 20:27:28 #1980.7]	ERROR	swReactorThread_send (ERROR 1005): send event$[4] failed, session#24058 does not exist.
[2017-04-17 20:27:28 #1980.7]	ERROR	swReactorThread_send (ERROR 1005): send event$[4] failed, session#24149 does not exist.
[2017-04-17 20:27:28 #1980.4]	ERROR	swReactorThread_send (ERROR 1005): send event$[4] failed, session#25709 does not exist.
[2017-04-17 20:27:29 #1980.6]	ERROR	swReactorThread_send (ERROR 1005): send event$[4] failed, session#29539 does not exist.
[2017-04-17 20:27:31 #1980.7]	ERROR	swReactorThread_send (ERROR 1005): send event$[4] failed, session#30442 does not exist.
[2017-04-17 20:27:31 #1980.3]	ERROR	swReactorThread_send (ERROR 1005): send event$[4] failed, session#31429 does not exist.
[2017-04-17 20:27:31 #1980.4]	ERROR	swReactorThread_send (ERROR 1005): send event$[4] failed, session#36901 does not exist.
[2017-04-17 20:27:31 #1980.2]	ERROR	swReactorThread_send (ERROR 1005): send event$[4] failed, session#37129 does not exist.
[2017-04-17 20:27:39 #1980.1]	ERROR	swReactorThread_send (ERROR 1005): send event$[4] failed, session#46291 does not exist.
[2017-04-17 20:27:40 #1980.7]	ERROR	swReactorThread_send (ERROR 1005): send event$[4] failed, session#47262 does not exist.
[2017-04-17 20:27:43 #1980.0]	ERROR	swReactorThread_send (ERROR 1005): send event$[4] failed, session#51334 does not exist.
[2017-04-17 20:27:43 #1980.1]	ERROR	swReactorThread_send (ERROR 1005): send event$[4] failed, session#52237 does not exist.
[2017-04-17 20:27:43 #1980.1]	ERROR	swReactorThread_send (ERROR 1005): send event$[4] failed, session#53656 does not exist.
[2017-04-17 20:27:43 #1980.0]	ERROR	swReactorThread_send (ERROR 1005): send event$[4] failed, session#56915 does not exist.
[2017-04-17 20:27:44 #1980.1]	ERROR	swReactorThread_send (ERROR 1005): send event$[4] failed, session#60014 does not exist.
[2017-04-18 04:00:08 *2022.31]	WARNING	swSignalfd_onSignal: signal[1] callback is null.
[2017-04-18 04:00:08 *2021.30]	WARNING	swSignalfd_onSignal: signal[1] callback is null.
[2017-04-18 04:00:08 *2018.27]	WARNING	swSignalfd_onSignal: signal[1] callback is null.
[2017-04-18 04:00:08 *2016.25]	WARNING	swSignalfd_onSignal: signal[1] callback is null.
[2017-04-18 04:00:08 *2017.26]	WARNING	swSignalfd_onSignal: signal[1] callback is null.
[2017-04-18 04:00:08 *2015.24]	WARNING	swSignalfd_onSignal: signal[1] callback is null.
[2017-04-18 04:00:08 *2019.28]	WARNING	swSignalfd_onSignal: signal[1] callback is null.
[2017-04-18 04:00:08 *2013.22]	WARNING	swSignalfd_onSignal: signal[1] callback is null.
[2017-04-18 04:00:08 *2020.29]	WARNING	swSignalfd_onSignal: signal[1] callback is null.
[2017-04-18 04:00:08 *2010.19]	WARNING	swSignalfd_onSignal: signal[1] callback is null.
[2017-04-18 04:00:08 *2014.23]	WARNING	swSignalfd_onSignal: signal[1] callback is null.
[2017-04-18 04:00:08 *2012.21]	WARNING	swSignalfd_onSignal: signal[1] callback is null.
[2017-04-18 04:00:08 *2008.17]	WARNING	swSignalfd_onSignal: signal[1] callback is null.
[2017-04-18 04:00:08 *2009.18]	WARNING	swSignalfd_onSignal: signal[1] callback is null.
[2017-04-18 04:00:08 *2011.20]	WARNING	swSignalfd_onSignal: signal[1] callback is null.
[2017-04-18 04:00:08 *2007.16]	WARNING	swSignalfd_onSignal: signal[1] callback is null.
[2017-04-18 04:00:08 *2006.15]	WARNING	swSignalfd_onSignal: signal[1] callback is null.
[2017-04-18 04:00:08 *2005.14]	WARNING	swSignalfd_onSignal: signal[1] callback is null.
[2017-04-18 04:00:08 *2004.13]	WARNING	swSignalfd_onSignal: signal[1] callback is null.
[2017-04-18 04:00:08 *2003.12]	WARNING	swSignalfd_onSignal: signal[1] callback is null.
[2017-04-18 04:00:08 *2002.11]	WARNING	swSignalfd_onSignal: signal[1] callback is null.
[2017-04-18 04:00:08 *2001.10]	WARNING	swSignalfd_onSignal: signal[1] callback is null.
[2017-04-18 04:00:08 *2000.9]	WARNING	swSignalfd_onSignal: signal[1] callback is null.
[2017-04-18 04:00:08 *1999.8]	WARNING	swSignalfd_onSignal: signal[1] callback is null.
[2017-04-18 04:00:08 *1998.7]	WARNING	swSignalfd_onSignal: signal[1] callback is null.
[2017-04-18 04:00:08 *1997.6]	WARNING	swSignalfd_onSignal: signal[1] callback is null.
[2017-04-18 04:00:08 *1996.5]	WARNING	swSignalfd_onSignal: signal[1] callback is null.
[2017-04-18 04:00:08 *1994.3]	WARNING	swSignalfd_onSignal: signal[1] callback is null.
[2017-04-18 04:00:08 *1993.2]	WARNING	swSignalfd_onSignal: signal[1] callback is null.
[2017-04-18 04:00:08 *1992.1]	WARNING	swSignalfd_onSignal: signal[1] callback is null.
[2017-04-18 04:00:08 *1995.4]	WARNING	swSignalfd_onSignal: signal[1] callback is null.
[2017-04-18 04:00:08 *1991.0]	WARNING	swSignalfd_onSignal: signal[1] callback is null.
[2017-04-18 04:00:08 $1982.0]	WARNING	swSignal_callback: signal[1] callback is null.
[2017-04-18 04:00:08 #1980.0]	WARNING	swSignalfd_onSignal: signal[1] callback is null.
[2017-04-18 10:40:56 *2020.29]	ERROR	zm_deactivate_swoole (ERROR 9003): worker process is terminated by exit()/die().
[2017-04-18 16:31:27 $1982.0]	NOTICE	Server is reloading now.
[2017-04-18 22:01:38 $1982.0]	NOTICE	Server is reloading now.
[2017-04-18 22:05:35 $1982.0]	NOTICE	Server is reloading now.
[2017-04-18 22:06:30 #15455.0]	NOTICE	Server is shutdown now.
[2017-04-18 22:06:30 #1980.0]	NOTICE	Server is shutdown now.
[2017-04-18 22:40:41 #15559.0]	NOTICE	Server is shutdown now.
[2017-04-18 22:40:41 #15515.0]	NOTICE	Server is shutdown now.
[2017-04-18 22:50:13 #18271.7]	ERROR	swReactorThread_send (ERROR 1005): send event$[4] failed, session#5155 does not exist.
[2017-04-18 22:50:13 #18271.1]	ERROR	swReactorThread_send (ERROR 1005): send event$[4] failed, session#6469 does not exist.
[2017-04-18 22:50:13 #18271.0]	ERROR	swReactorThread_send (ERROR 1005): send event$[4] failed, session#6566 does not exist.
[2017-04-18 22:50:13 #18271.0]	ERROR	swReactorThread_send (ERROR 1005): send event$[4] failed, session#7973 does not exist.
[2017-04-18 22:50:37 #18271.0]	ERROR	swReactorThread_send (ERROR 1005): send event$[4] failed, session#11988 does not exist.
[2017-04-18 22:50:37 #18271.3]	ERROR	swReactorThread_send (ERROR 1005): send event$[4] failed, session#12853 does not exist.
[2017-04-18 22:50:37 #18271.2]	ERROR	swReactorThread_send (ERROR 1005): send event$[4] failed, session#13356 does not exist.
[2017-04-18 22:50:37 #18271.4]	ERROR	swReactorThread_send (ERROR 1005): send event$[4] failed, session#13546 does not exist.
[2017-04-18 22:51:40 *18312.31]	ERROR	swFactoryProcess_finish (ERROR 1005): connection[fd=20352] does not exists.
[2017-04-18 22:53:49 *18312.31]	ERROR	swFactoryProcess_finish (ERROR 1005): connection[fd=20352] does not exists.
[2017-04-18 22:55:57 #18271.4]	ERROR	swReactorThread_send (ERROR 1005): send event$[4] failed, session#25372 does not exist.
[2017-04-18 22:55:58 #18271.7]	ERROR	swReactorThread_send (ERROR 1005): send event$[4] failed, session#30005 does not exist.
[2017-04-18 22:56:00 #18271.5]	ERROR	swReactorThread_send (ERROR 1005): send event$[4] failed, session#37794 does not exist.
[2017-04-18 22:56:01 #18271.0]	ERROR	swReactorThread_send (ERROR 1005): send event$[4] failed, session#39315 does not exist.
[2017-04-18 22:56:01 #18271.6]	ERROR	swReactorThread_send (ERROR 1005): send event$[4] failed, session#39328 does not exist.
[2017-04-18 22:56:02 #18271.1]	ERROR	swReactorThread_send (ERROR 1005): send event$[4] failed, session#42027 does not exist.
[2017-04-18 22:56:03 #18271.4]	ERROR	swReactorThread_send (ERROR 1005): send event$[4] failed, session#43091 does not exist.
[2017-04-18 22:56:03 #18271.7]	ERROR	swReactorThread_send (ERROR 1005): send event$[4] failed, session#47630 does not exist.
[2017-04-18 22:56:04 #18271.1]	ERROR	swReactorThread_send (ERROR 1005): send event$[4] failed, session#49439 does not exist.
[2017-04-18 22:56:08 #18271.0]	ERROR	swReactorThread_send (ERROR 1005): send event$[4] failed, session#58801 does not exist.
[2017-04-18 22:56:08 #18271.2]	ERROR	swReactorThread_send (ERROR 1005): send event$[4] failed, session#58744 does not exist.
[2017-04-18 22:56:08 #18271.0]	ERROR	swReactorThread_send (ERROR 1005): send event$[4] failed, session#59732 does not exist.
[2017-04-18 22:56:18 #18271.3]	ERROR	swReactorThread_send (ERROR 1005): send event$[4] failed, session#62176 does not exist.
[2017-04-18 22:56:18 #18271.4]	ERROR	swReactorThread_send (ERROR 1005): send event$[4] failed, session#62278 does not exist.
[2017-04-18 22:56:18 #18271.2]	ERROR	swReactorThread_send (ERROR 1005): send event$[4] failed, session#62422 does not exist.
[2017-04-18 22:56:18 #18271.4]	ERROR	swReactorThread_send (ERROR 1005): send event$[4] failed, session#62911 does not exist.
[2017-04-18 22:56:18 #18271.0]	ERROR	swReactorThread_send (ERROR 1005): send event$[4] failed, session#63048 does not exist.
[2017-04-18 22:56:18 #18271.1]	ERROR	swReactorThread_send (ERROR 1005): send event$[4] failed, session#64127 does not exist.
[2017-04-18 22:56:18 #18271.2]	ERROR	swReactorThread_send (ERROR 1005): send event$[4] failed, session#64216 does not exist.
[2017-04-18 22:56:18 #18271.6]	ERROR	swReactorThread_send (ERROR 1005): send event$[4] failed, session#66606 does not exist.
[2017-04-18 22:56:18 #18271.1]	ERROR	swReactorThread_send (ERROR 1005): send event$[4] failed, session#66846 does not exist.
[2017-04-18 22:56:19 #18271.7]	ERROR	swReactorThread_send (ERROR 1005): send event$[4] failed, session#68076 does not exist.
[2017-04-18 22:56:19 #18271.3]	ERROR	swReactorThread_send (ERROR 1005): send event$[4] failed, session#68202 does not exist.
[2017-04-18 22:56:21 #18271.7]	ERROR	swReactorThread_send (ERROR 1005): send event$[4] failed, session#75244 does not exist.
[2017-04-18 22:56:21 #18271.1]	ERROR	swReactorThread_send (ERROR 1005): send event$[4] failed, session#75544 does not exist.
[2017-04-18 22:56:22 #18271.0]	ERROR	swReactorThread_send (ERROR 1005): send event$[4] failed, session#78785 does not exist.
[2017-04-18 22:56:22 #18271.0]	ERROR	swReactorThread_send (ERROR 1005): send event$[4] failed, session#79136 does not exist.
[2017-04-18 22:56:37 #18271.6]	ERROR	swReactorThread_send (ERROR 1005): send event$[4] failed, session#83593 does not exist.
[2017-04-18 22:56:37 #18271.2]	ERROR	swReactorThread_send (ERROR 1005): send event$[4] failed, session#85652 does not exist.
[2017-04-18 22:56:37 #18271.0]	ERROR	swReactorThread_send (ERROR 1005): send event$[4] failed, session#86687 does not exist.
[2017-04-18 22:57:48 #18271.1]	ERROR	swReactorThread_send (ERROR 1005): send event$[4] failed, session#90240 does not exist.
[2017-04-18 22:59:28 #18271.2]	ERROR	swReactorThread_send (ERROR 1005): send event$[4] failed, session#93293 does not exist.
[2017-04-18 22:59:28 #18271.1]	ERROR	swReactorThread_send (ERROR 1005): send event$[4] failed, session#93757 does not exist.
[2017-04-18 22:59:30 #18271.2]	ERROR	swReactorThread_send (ERROR 1005): send event$[4] failed, session#97802 does not exist.
[2017-04-18 22:59:30 #18271.2]	ERROR	swReactorThread_send (ERROR 1005): send event$[4] failed, session#98326 does not exist.
[2017-04-18 22:59:30 #18271.6]	ERROR	swReactorThread_send (ERROR 1005): send event$[4] failed, session#98560 does not exist.
[2017-04-18 22:59:30 #18271.7]	ERROR	swReactorThread_send (ERROR 1005): send event$[4] failed, session#98588 does not exist.
[2017-04-18 22:59:31 #18271.2]	ERROR	swReactorThread_send (ERROR 1005): send event$[4] failed, session#101480 does not exist.
[2017-04-18 22:59:41 #18271.2]	ERROR	swReactorThread_send (ERROR 1005): send event$[4] failed, session#114887 does not exist.
[2017-04-18 22:59:42 #18271.2]	ERROR	swReactorThread_send (ERROR 1005): send event$[4] failed, session#115703 does not exist.
[2017-04-18 22:59:42 #18271.4]	ERROR	swReactorThread_send (ERROR 1005): send event$[4] failed, session#116502 does not exist.
[2017-04-18 22:59:42 #18271.3]	ERROR	swReactorThread_send (ERROR 1005): send event$[4] failed, session#117238 does not exist.
[2017-04-18 22:59:42 #18271.6]	ERROR	swReactorThread_send (ERROR 1005): send event$[4] failed, session#121671 does not exist.
[2017-04-18 22:59:44 #18271.3]	ERROR	swReactorThread_send (ERROR 1005): send event$[4] failed, session#123915 does not exist.
[2017-04-18 22:59:45 #18271.2]	ERROR	swReactorThread_send (ERROR 1005): send event$[4] failed, session#127107 does not exist.
[2017-04-18 23:00:51 #18271.4]	ERROR	swReactorThread_send (ERROR 1005): send event$[4] failed, session#137903 does not exist.
[2017-04-18 23:00:56 #18271.7]	ERROR	swReactorThread_send (ERROR 1005): send event$[4] failed, session#151656 does not exist.
[2017-04-18 23:01:02 #18271.4]	ERROR	swReactorThread_send (ERROR 1005): send event$[4] failed, session#154879 does not exist.
[2017-04-18 23:01:02 #18271.0]	ERROR	swReactorThread_send (ERROR 1005): send event$[4] failed, session#155901 does not exist.
[2017-04-18 23:01:02 #18271.7]	ERROR	swReactorThread_send (ERROR 1005): send event$[4] failed, session#156291 does not exist.
[2017-04-18 23:01:02 #18271.0]	ERROR	swReactorThread_send (ERROR 1005): send event$[4] failed, session#156452 does not exist.
[2017-04-18 23:01:02 #18271.4]	ERROR	swReactorThread_send (ERROR 1005): send event$[4] failed, session#157091 does not exist.
[2017-04-18 23:03:03 #18271.0]	ERROR	swReactorThread_send (ERROR 1005): send event$[4] failed, session#164021 does not exist.
[2017-04-18 23:03:03 #18271.1]	ERROR	swReactorThread_send (ERROR 1005): send event$[4] failed, session#165074 does not exist.
[2017-04-18 23:03:04 #18271.4]	ERROR	swReactorThread_send (ERROR 1005): send event$[4] failed, session#165768 does not exist.
[2017-04-18 23:03:04 #18271.1]	ERROR	swReactorThread_send (ERROR 1005): send event$[4] failed, session#166545 does not exist.
[2017-04-18 23:03:04 #18271.5]	ERROR	swReactorThread_send (ERROR 1005): send event$[4] failed, session#168364 does not exist.
[2017-04-18 23:03:04 #18271.4]	ERROR	swReactorThread_send (ERROR 1005): send event$[4] failed, session#168423 does not exist.
[2017-04-18 23:03:04 #18271.1]	ERROR	swReactorThread_send (ERROR 1005): send event$[4] failed, session#169944 does not exist.
[2017-04-18 23:03:06 #18271.2]	ERROR	swReactorThread_send (ERROR 1005): send event$[4] failed, session#172184 does not exist.
[2017-04-18 23:03:07 #18271.5]	ERROR	swReactorThread_send (ERROR 1005): send event$[4] failed, session#178420 does not exist.
[2017-04-18 23:03:14 #18271.1]	ERROR	swReactorThread_send (ERROR 1005): send event$[4] failed, session#181176 does not exist.
[2017-04-18 23:03:14 #18271.0]	ERROR	swReactorThread_send (ERROR 1005): send event$[4] failed, session#183816 does not exist.
[2017-04-18 23:03:14 #18271.2]	ERROR	swReactorThread_send (ERROR 1005): send event$[4] failed, session#185320 does not exist.
[2017-04-18 23:03:14 #18271.6]	ERROR	swReactorThread_send (ERROR 1005): send event$[4] failed, session#186538 does not exist.
[2017-04-18 23:04:30 #18271.4]	ERROR	swReactorThread_send (ERROR 1005): send event$[4] failed, session#192146 does not exist.
[2017-04-18 23:04:31 #18271.1]	ERROR	swReactorThread_send (ERROR 1005): send event$[4] failed, session#194163 does not exist.
[2017-04-18 23:04:45 #18271.6]	ERROR	swReactorThread_send (ERROR 1005): send event$[4] failed, session#200380 does not exist.
[2017-04-18 23:04:46 #18271.7]	ERROR	swReactorThread_send (ERROR 1005): send event$[4] failed, session#201267 does not exist.
[2017-04-18 23:04:47 #18271.7]	ERROR	swReactorThread_send (ERROR 1005): send event$[4] failed, session#207737 does not exist.
[2017-04-18 23:04:48 #18271.0]	ERROR	swReactorThread_send (ERROR 1005): send event$[4] failed, session#209938 does not exist.
[2017-04-18 23:04:48 #18271.1]	ERROR	swReactorThread_send (ERROR 1005): send event$[4] failed, session#211254 does not exist.
[2017-04-18 23:04:49 #18271.0]	ERROR	swReactorThread_send (ERROR 1005): send event$[4] failed, session#212937 does not exist.
[2017-04-18 23:04:49 #18271.4]	ERROR	swReactorThread_send (ERROR 1005): send event$[4] failed, session#214164 does not exist.
[2017-04-18 23:04:49 #18271.2]	ERROR	swReactorThread_send (ERROR 1005): send event$[4] failed, session#214243 does not exist.
[2017-04-18 23:04:49 #18271.2]	ERROR	swReactorThread_send (ERROR 1005): send event$[4] failed, session#215863 does not exist.
[2017-04-18 23:04:49 #18271.0]	ERROR	swReactorThread_send (ERROR 1005): send event$[4] failed, session#215958 does not exist.
[2017-04-18 23:04:49 #18271.5]	ERROR	swReactorThread_send (ERROR 1005): send event$[4] failed, session#216177 does not exist.
[2017-04-18 23:04:52 #18271.5]	ERROR	swReactorThread_send (ERROR 1005): send event$[4] failed, session#225848 does not exist.
[2017-04-18 23:04:52 #18271.4]	ERROR	swReactorThread_send (ERROR 1005): send event$[4] failed, session#226076 does not exist.
[2017-04-18 23:04:52 #18271.6]	ERROR	swReactorThread_send (ERROR 1005): send event$[4] failed, session#227110 does not exist.
[2017-04-18 23:04:52 #18271.2]	ERROR	swReactorThread_send (ERROR 1005): send event$[4] failed, session#227433 does not exist.
[2017-04-18 23:04:53 #18271.6]	ERROR	swReactorThread_send (ERROR 1005): send event$[4] failed, session#229238 does not exist.
[2017-04-18 23:04:53 #18271.0]	ERROR	swReactorThread_send (ERROR 1005): send event$[4] failed, session#230345 does not exist.
[2017-04-18 23:04:54 #18271.3]	ERROR	swReactorThread_send (ERROR 1005): send event$[4] failed, session#235996 does not exist.
[2017-04-18 23:04:59 #18271.0]	ERROR	swReactorThread_send (ERROR 1005): send event$[4] failed, session#241007 does not exist.
[2017-04-18 23:05:00 #18271.5]	ERROR	swReactorThread_send (ERROR 1005): send event$[4] failed, session#242319 does not exist.
[2017-04-18 23:05:05 #18271.5]	ERROR	swReactorThread_send (ERROR 1005): send event$[4] failed, session#251789 does not exist.
[2017-04-18 23:05:05 #18271.6]	ERROR	swReactorThread_send (ERROR 1005): send event$[4] failed, session#252671 does not exist.
[2017-04-18 23:05:05 #18271.1]	ERROR	swReactorThread_send (ERROR 1005): send event$[4] failed, session#253178 does not exist.
[2017-04-18 23:05:05 #18271.3]	ERROR	swReactorThread_send (ERROR 1005): send event$[4] failed, session#253435 does not exist.
[2017-04-18 23:05:05 #18271.1]	ERROR	swReactorThread_send (ERROR 1005): send event$[4] failed, session#253853 does not exist.
[2017-04-18 23:05:06 #18271.0]	ERROR	swReactorThread_send (ERROR 1005): send event$[4] failed, session#257983 does not exist.
[2017-04-18 23:05:09 #18271.5]	ERROR	swReactorThread_send (ERROR 1005): send event$[4] failed, session#259298 does not exist.
[2017-04-18 23:05:11 #18271.4]	ERROR	swReactorThread_send (ERROR 1005): send event$[4] failed, session#267420 does not exist.
[2017-04-18 23:05:34 #18271.0]	NOTICE	Server is shutdown now.
[2017-04-18 23:05:34 #22899.0]	NOTICE	Server is shutdown now.
[2017-04-18 23:06:38 #29983.0]	NOTICE	Server is shutdown now.
[2017-04-18 23:06:56 #30930.0]	ERROR	swReactorThread_send (ERROR 1005): send event$[4] failed, session#4241 does not exist.
[2017-04-18 23:06:56 #30930.6]	ERROR	swReactorThread_send (ERROR 1005): send event$[4] failed, session#6965 does not exist.
[2017-04-18 23:07:03 #30930.0]	ERROR	swReactorThread_send (ERROR 1005): send event$[4] failed, session#25146 does not exist.
[2017-04-18 23:07:03 #30930.0]	ERROR	swReactorThread_send (ERROR 1005): send event$[4] failed, session#26893 does not exist.
[2017-04-18 23:07:07 #30930.0]	ERROR	swReactorThread_send (ERROR 1005): send event$[4] failed, session#39092 does not exist.
[2017-04-18 23:07:28 #30930.0]	NOTICE	Server is shutdown now.
[2017-04-18 23:07:41 #31780.1]	ERROR	swReactorThread_send (ERROR 1005): send event$[4] failed, session#2141 does not exist.
[2017-04-18 23:07:41 #31780.7]	ERROR	swReactorThread_send (ERROR 1005): send event$[4] failed, session#2269 does not exist.
[2017-04-18 23:07:42 #31780.0]	ERROR	swReactorThread_send (ERROR 1005): send event$[4] failed, session#3902 does not exist.
[2017-04-18 23:07:42 #31780.6]	ERROR	swReactorThread_send (ERROR 1005): send event$[4] failed, session#5820 does not exist.
[2017-04-18 23:07:45 #31780.3]	ERROR	swReactorThread_send (ERROR 1005): send event$[4] failed, session#13937 does not exist.
[2017-04-18 23:07:49 #31780.6]	ERROR	swReactorThread_send (ERROR 1005): send event$[4] failed, session#23712 does not exist.
[2017-04-18 23:07:49 #31780.5]	ERROR	swReactorThread_send (ERROR 1005): send event$[4] failed, session#23894 does not exist.
[2017-04-18 23:07:49 #31780.2]	ERROR	swReactorThread_send (ERROR 1005): send event$[4] failed, session#23897 does not exist.
[2017-04-18 23:07:52 #31780.7]	ERROR	swReactorThread_send (ERROR 1005): send event$[4] failed, session#35488 does not exist.
[2017-04-18 23:07:52 #31780.1]	ERROR	swReactorThread_send (ERROR 1005): send event$[4] failed, session#37101 does not exist.
[2017-04-18 23:07:53 #31780.4]	ERROR	swReactorThread_send (ERROR 1005): send event$[4] failed, session#39220 does not exist.
[2017-04-18 23:17:19 #31780.5]	ERROR	swReactorThread_send (ERROR 1005): send event$[4] failed, session#51673 does not exist.
[2017-04-18 23:17:19 #31780.4]	ERROR	swReactorThread_send (ERROR 1005): send event$[4] failed, session#52029 does not exist.
[2017-04-18 23:17:19 #31780.6]	ERROR	swReactorThread_send (ERROR 1005): send event$[4] failed, session#52358 does not exist.
[2017-04-18 23:17:19 #31780.3]	ERROR	swReactorThread_send (ERROR 1005): send event$[4] failed, session#52399 does not exist.
[2017-04-18 23:17:19 #31780.4]	ERROR	swReactorThread_send (ERROR 1005): send event$[4] failed, session#52610 does not exist.
[2017-04-18 23:17:19 #31780.6]	ERROR	swReactorThread_send (ERROR 1005): send event$[4] failed, session#52244 does not exist.
[2017-04-18 23:17:19 #31780.0]	ERROR	swReactorThread_send (ERROR 1005): send event$[4] failed, session#52844 does not exist.
[2017-04-18 23:17:20 #31780.6]	ERROR	swReactorThread_send (ERROR 1005): send event$[4] failed, session#55343 does not exist.
[2017-04-18 23:17:20 #31780.4]	ERROR	swReactorThread_send (ERROR 1005): send event$[4] failed, session#55338 does not exist.
[2017-04-18 23:17:20 #31780.0]	ERROR	swReactorThread_send (ERROR 1005): send event$[4] failed, session#55623 does not exist.
[2017-04-18 23:17:20 #31780.6]	ERROR	swReactorThread_send (ERROR 1005): send event$[4] failed, session#56083 does not exist.
[2017-04-18 23:17:20 #31780.5]	ERROR	swReactorThread_send (ERROR 1005): send event$[4] failed, session#56204 does not exist.
[2017-04-18 23:17:20 #31780.1]	ERROR	swReactorThread_send (ERROR 1005): send event$[4] failed, session#57194 does not exist.
[2017-04-18 23:17:20 #31780.0]	ERROR	swReactorThread_send (ERROR 1005): send event$[4] failed, session#57507 does not exist.
[2017-04-18 23:17:20 #31780.6]	ERROR	swReactorThread_send (ERROR 1005): send event$[4] failed, session#57619 does not exist.
[2017-04-18 23:17:20 #31780.3]	ERROR	swReactorThread_send (ERROR 1005): send event$[4] failed, session#58536 does not exist.
[2017-04-18 23:17:20 #31780.7]	ERROR	swReactorThread_send (ERROR 1005): send event$[4] failed, session#58683 does not exist.
[2017-04-18 23:17:20 #31780.2]	ERROR	swReactorThread_send (ERROR 1005): send event$[4] failed, session#58724 does not exist.
[2017-04-18 23:17:38 #31780.1]	ERROR	swReactorThread_send (ERROR 1005): send event$[4] failed, session#62980 does not exist.
[2017-04-18 23:17:39 #31780.5]	ERROR	swReactorThread_send (ERROR 1005): send event$[4] failed, session#67205 does not exist.
[2017-04-18 23:17:41 #31780.0]	ERROR	swReactorThread_send (ERROR 1005): send event$[4] failed, session#71351 does not exist.
[2017-04-18 23:17:41 #31780.2]	ERROR	swReactorThread_send (ERROR 1005): send event$[4] failed, session#72121 does not exist.
[2017-04-18 23:17:41 #31780.4]	ERROR	swReactorThread_send (ERROR 1005): send event$[4] failed, session#72296 does not exist.
[2017-04-18 23:17:41 #31780.2]	ERROR	swReactorThread_send (ERROR 1005): send event$[4] failed, session#72632 does not exist.
[2017-04-18 23:17:41 #31780.6]	ERROR	swReactorThread_send (ERROR 1005): send event$[4] failed, session#74456 does not exist.
[2017-04-18 23:17:44 #31780.1]	ERROR	swReactorThread_send (ERROR 1005): send event$[4] failed, session#84388 does not exist.
[2017-04-18 23:17:44 #31780.2]	ERROR	swReactorThread_send (ERROR 1005): send event$[4] failed, session#86564 does not exist.
[2017-04-18 23:17:44 #31780.6]	ERROR	swReactorThread_send (ERROR 1005): send event$[4] failed, session#87263 does not exist.
[2017-04-18 23:17:44 #31780.4]	ERROR	swReactorThread_send (ERROR 1005): send event$[4] failed, session#87312 does not exist.
[2017-04-18 23:17:46 #31780.2]	ERROR	swReactorThread_send (ERROR 1005): send event$[4] failed, session#93741 does not exist.
[2017-04-18 23:17:46 #31780.2]	ERROR	swReactorThread_send (ERROR 1005): send event$[4] failed, session#94318 does not exist.
[2017-04-18 23:17:47 #31780.5]	ERROR	swReactorThread_send (ERROR 1005): send event$[4] failed, session#96520 does not exist.
[2017-04-18 23:18:08 #31780.5]	ERROR	swReactorThread_send (ERROR 1005): send event$[4] failed, session#101858 does not exist.
[2017-04-18 23:18:08 #31780.2]	ERROR	swReactorThread_send (ERROR 1005): send event$[4] failed, session#103031 does not exist.
[2017-04-18 23:18:08 #31780.3]	ERROR	swReactorThread_send (ERROR 1005): send event$[4] failed, session#103758 does not exist.
[2017-04-18 23:18:09 #31780.2]	ERROR	swReactorThread_send (ERROR 1005): send event$[4] failed, session#104621 does not exist.
[2017-04-18 23:18:09 #31780.2]	ERROR	swReactorThread_send (ERROR 1005): send event$[4] failed, session#105276 does not exist.
[2017-04-18 23:18:09 #31780.1]	ERROR	swReactorThread_send (ERROR 1005): send event$[4] failed, session#107254 does not exist.
[2017-04-18 23:18:09 #31780.2]	ERROR	swReactorThread_send (ERROR 1005): send event$[4] failed, session#107330 does not exist.
[2017-04-18 23:18:09 #31780.1]	ERROR	swReactorThread_send (ERROR 1005): send event$[4] failed, session#107784 does not exist.
[2017-04-18 23:18:09 #31780.7]	ERROR	swReactorThread_send (ERROR 1005): send event$[4] failed, session#108647 does not exist.
[2017-04-18 23:18:09 #31780.0]	ERROR	swReactorThread_send (ERROR 1005): send event$[4] failed, session#108964 does not exist.
[2017-04-18 23:18:12 #31780.3]	ERROR	swReactorThread_send (ERROR 1005): send event$[4] failed, session#117199 does not exist.
[2017-04-18 23:18:40 #31780.0]	ERROR	swReactorThread_send (ERROR 1005): send event$[4] failed, session#118693 does not exist.
[2017-04-18 23:18:40 #31780.0]	ERROR	swReactorThread_send (ERROR 1005): send event$[4] failed, session#119297 does not exist.
[2017-04-18 23:18:40 #31780.6]	ERROR	swReactorThread_send (ERROR 1005): send event$[4] failed, session#119720 does not exist.
[2017-04-18 23:18:40 #31780.3]	ERROR	swReactorThread_send (ERROR 1005): send event$[4] failed, session#119740 does not exist.
[2017-04-18 23:18:41 #31780.5]	ERROR	swReactorThread_send (ERROR 1005): send event$[4] failed, session#120888 does not exist.
[2017-04-18 23:18:43 #31780.5]	ERROR	swReactorThread_send (ERROR 1005): send event$[4] failed, session#129950 does not exist.
[2017-04-18 23:18:44 #31780.1]	ERROR	swReactorThread_send (ERROR 1005): send event$[4] failed, session#132539 does not exist.
[2017-04-18 23:18:44 #31780.0]	ERROR	swReactorThread_send (ERROR 1005): send event$[4] failed, session#134596 does not exist.
[2017-04-18 23:18:44 #31780.6]	ERROR	swReactorThread_send (ERROR 1005): send event$[4] failed, session#136258 does not exist.
[2017-04-18 23:18:46 #31780.1]	ERROR	swReactorThread_send (ERROR 1005): send event$[4] failed, session#139313 does not exist.
[2017-04-18 23:18:46 #31780.4]	ERROR	swReactorThread_send (ERROR 1005): send event$[4] failed, session#144065 does not exist.
[2017-04-18 23:18:46 #31780.0]	ERROR	swReactorThread_send (ERROR 1005): send event$[4] failed, session#145084 does not exist.
[2017-04-18 23:18:47 #31780.7]	ERROR	swReactorThread_send (ERROR 1005): send event$[4] failed, session#147572 does not exist.
[2017-04-18 23:18:47 #31780.2]	ERROR	swReactorThread_send (ERROR 1005): send event$[4] failed, session#147629 does not exist.
[2017-04-18 23:19:10 #31780.4]	ERROR	swReactorThread_send (ERROR 1005): send event$[4] failed, session#149813 does not exist.
[2017-04-18 23:19:11 #31780.3]	ERROR	swReactorThread_send (ERROR 1005): send event$[4] failed, session#150428 does not exist.
[2017-04-18 23:19:11 #31780.7]	ERROR	swReactorThread_send (ERROR 1005): send event$[4] failed, session#150457 does not exist.
[2017-04-18 23:19:11 #31780.3]	ERROR	swReactorThread_send (ERROR 1005): send event$[4] failed, session#151053 does not exist.
[2017-04-18 23:19:11 #31780.3]	ERROR	swReactorThread_send (ERROR 1005): send event$[4] failed, session#151375 does not exist.
[2017-04-18 23:19:11 #31780.3]	ERROR	swReactorThread_send (ERROR 1005): send event$[4] failed, session#151957 does not exist.
[2017-04-18 23:19:11 #31780.0]	ERROR	swReactorThread_send (ERROR 1005): send event$[4] failed, session#153260 does not exist.
[2017-04-18 23:19:11 #31780.5]	ERROR	swReactorThread_send (ERROR 1005): send event$[4] failed, session#155650 does not exist.
[2017-04-18 23:19:27 #32573.0]	NOTICE	Server is shutdown now.
[2017-04-18 23:19:27 #31780.0]	NOTICE	Server is shutdown now.
[2017-04-18 23:20:19 #5464.1]	ERROR	swReactorThread_send (ERROR 1005): send event$[4] failed, session#2735 does not exist.
[2017-04-18 23:20:19 #5464.4]	ERROR	swReactorThread_send (ERROR 1005): send event$[4] failed, session#3905 does not exist.
[2017-04-18 23:20:19 #5464.1]	ERROR	swReactorThread_send (ERROR 1005): send event$[4] failed, session#4034 does not exist.
[2017-04-18 23:20:19 #5464.7]	ERROR	swReactorThread_send (ERROR 1005): send event$[4] failed, session#5092 does not exist.
[2017-04-18 23:20:19 #5464.3]	ERROR	swReactorThread_send (ERROR 1005): send event$[4] failed, session#6082 does not exist.
[2017-04-18 23:20:19 #5464.0]	ERROR	swReactorThread_send (ERROR 1005): send event$[4] failed, session#6580 does not exist.
[2017-04-18 23:20:19 #5464.0]	ERROR	swReactorThread_send (ERROR 1005): send event$[4] failed, session#7227 does not exist.
[2017-04-18 23:20:20 #5464.6]	ERROR	swReactorThread_send (ERROR 1005): send event$[4] failed, session#7819 does not exist.
[2017-04-18 23:20:20 #5464.1]	ERROR	swReactorThread_send (ERROR 1005): send event$[4] failed, session#8314 does not exist.
[2017-04-18 23:20:48 #5464.2]	ERROR	swReactorThread_send (ERROR 1005): send event$[4] failed, session#16274 does not exist.
[2017-04-18 23:20:57 #5464.4]	ERROR	swReactorThread_send (ERROR 1005): send event$[4] failed, session#18917 does not exist.
[2017-04-18 23:20:57 #5464.5]	ERROR	swReactorThread_send (ERROR 1005): send event$[4] failed, session#19425 does not exist.
[2017-04-18 23:20:57 #5464.4]	ERROR	swReactorThread_send (ERROR 1005): send event$[4] failed, session#19624 does not exist.
[2017-04-18 23:20:58 #5464.5]	ERROR	swReactorThread_send (ERROR 1005): send event$[4] failed, session#24327 does not exist.
[2017-04-18 23:20:58 #5464.4]	ERROR	swReactorThread_send (ERROR 1005): send event$[4] failed, session#26477 does not exist.
[2017-04-18 23:21:02 #5464.6]	ERROR	swReactorThread_send (ERROR 1005): send event$[4] failed, session#39823 does not exist.
[2017-04-18 23:21:03 #5464.7]	ERROR	swReactorThread_send (ERROR 1005): send event$[4] failed, session#41727 does not exist.
[2017-04-18 23:21:03 #5464.5]	ERROR	swReactorThread_send (ERROR 1005): send event$[4] failed, session#45306 does not exist.
[2017-04-18 23:21:03 #5464.0]	ERROR	swReactorThread_send (ERROR 1005): send event$[4] failed, session#46342 does not exist.
[2017-04-18 23:21:04 #5464.3]	ERROR	swReactorThread_send (ERROR 1005): send event$[4] failed, session#47397 does not exist.
[2017-04-19 09:12:36 *5482.8]	WARNING	swSignalfd_onSignal: signal[13] callback is null.
[2017-04-19 09:18:09 *5485.11]	WARNING	swSignalfd_onSignal: signal[13] callback is null.
[2017-04-19 09:18:09 *5480.6]	WARNING	swSignalfd_onSignal: signal[13] callback is null.
[2017-04-19 09:18:09 *5478.4]	WARNING	swSignalfd_onSignal: signal[13] callback is null.
[2017-04-19 09:18:09 *5484.10]	WARNING	swSignalfd_onSignal: signal[13] callback is null.
[2017-04-19 09:18:09 *5476.2]	WARNING	swSignalfd_onSignal: signal[13] callback is null.
[2017-04-19 09:18:09 *5486.12]	WARNING	swSignalfd_onSignal: signal[13] callback is null.
[2017-04-19 09:18:09 *5489.15]	WARNING	swSignalfd_onSignal: signal[13] callback is null.
[2017-04-19 09:18:09 *5494.20]	WARNING	swSignalfd_onSignal: signal[13] callback is null.
[2017-04-19 09:18:09 *5496.22]	WARNING	swSignalfd_onSignal: signal[13] callback is null.
[2017-04-19 09:18:09 *5492.18]	WARNING	swSignalfd_onSignal: signal[13] callback is null.
[2017-04-19 09:18:09 *5497.23]	WARNING	swSignalfd_onSignal: signal[13] callback is null.
[2017-04-19 09:18:09 *5475.1]	WARNING	swSignalfd_onSignal: signal[13] callback is null.
[2017-04-19 09:18:09 *5488.14]	WARNING	swSignalfd_onSignal: signal[13] callback is null.
[2017-04-19 09:18:09 *5493.19]	WARNING	swSignalfd_onSignal: signal[13] callback is null.
[2017-04-19 09:18:09 *5481.7]	WARNING	swSignalfd_onSignal: signal[13] callback is null.
[2017-04-19 09:18:09 *5479.5]	WARNING	swSignalfd_onSignal: signal[13] callback is null.
[2017-04-19 09:18:09 *5474.0]	WARNING	swSignalfd_onSignal: signal[13] callback is null.
[2017-04-19 09:18:09 *5487.13]	WARNING	swSignalfd_onSignal: signal[13] callback is null.
[2017-04-19 09:18:09 *5495.21]	WARNING	swSignalfd_onSignal: signal[13] callback is null.
[2017-04-19 09:18:09 *5490.16]	WARNING	swSignalfd_onSignal: signal[13] callback is null.
[2017-04-19 09:18:09 *5477.3]	WARNING	swSignalfd_onSignal: signal[13] callback is null.
[2017-04-19 09:18:09 *5483.9]	WARNING	swSignalfd_onSignal: signal[13] callback is null.
[2017-04-19 09:18:09 *5491.17]	WARNING	swSignalfd_onSignal: signal[13] callback is null.
[2017-04-19 09:18:09 #5464.2]	ERROR	swReactorThread_send (ERROR 1005): send event$[4] failed, session#48541 does not exist.
[2017-04-19 09:18:10 #5464.6]	ERROR	swReactorThread_send (ERROR 1005): send event$[4] failed, session#53132 does not exist.
[2017-04-19 09:18:10 #5464.2]	ERROR	swReactorThread_send (ERROR 1005): send event$[4] failed, session#54083 does not exist.
[2017-04-19 09:18:10 #5464.0]	ERROR	swReactorThread_send (ERROR 1005): send event$[4] failed, session#54279 does not exist.
[2017-04-19 09:18:11 #5464.4]	ERROR	swReactorThread_send (ERROR 1005): send event$[4] failed, session#56971 does not exist.
[2017-04-19 09:18:14 #5464.2]	ERROR	swReactorThread_send (ERROR 1005): send event$[4] failed, session#64591 does not exist.
[2017-04-19 09:18:14 #5464.0]	ERROR	swReactorThread_send (ERROR 1005): send event$[4] failed, session#65098 does not exist.
[2017-04-19 09:18:16 #5464.5]	ERROR	swReactorThread_send (ERROR 1005): send event$[4] failed, session#71758 does not exist.
[2017-04-19 09:18:16 #5464.6]	ERROR	swReactorThread_send (ERROR 1005): send event$[4] failed, session#71911 does not exist.
[2017-04-19 09:18:16 #5464.3]	ERROR	swReactorThread_send (ERROR 1005): send event$[4] failed, session#72411 does not exist.
[2017-04-19 09:18:17 #5464.2]	ERROR	swReactorThread_send (ERROR 1005): send event$[4] failed, session#73433 does not exist.
[2017-04-19 09:18:17 #5464.0]	ERROR	swReactorThread_send (ERROR 1005): send event$[4] failed, session#75353 does not exist.
[2017-04-19 09:19:45 #5464.1]	ERROR	swReactorThread_send (ERROR 1005): send event$[4] failed, session#77677 does not exist.
[2017-04-19 09:19:45 #5464.2]	ERROR	swReactorThread_send (ERROR 1005): send event$[4] failed, session#78989 does not exist.
[2017-04-19 09:19:46 #5464.2]	ERROR	swReactorThread_send (ERROR 1005): send event$[4] failed, session#82823 does not exist.
[2017-04-19 09:19:46 #5464.0]	ERROR	swReactorThread_send (ERROR 1005): send event$[4] failed, session#84979 does not exist.
[2017-04-19 09:19:46 #5464.1]	ERROR	swReactorThread_send (ERROR 1005): send event$[4] failed, session#85662 does not exist.
[2017-04-19 09:19:50 #5464.7]	ERROR	swReactorThread_send (ERROR 1005): send event$[4] failed, session#86718 does not exist.
[2017-04-19 09:19:51 #5464.5]	ERROR	swReactorThread_send (ERROR 1005): send event$[4] failed, session#88494 does not exist.
[2017-04-19 09:19:51 #5464.4]	ERROR	swReactorThread_send (ERROR 1005): send event$[4] failed, session#88578 does not exist.
[2017-04-19 09:19:51 #5464.1]	ERROR	swReactorThread_send (ERROR 1005): send event$[4] failed, session#91073 does not exist.
[2017-04-19 09:19:51 #5464.2]	ERROR	swReactorThread_send (ERROR 1005): send event$[4] failed, session#93095 does not exist.
[2017-04-19 09:19:51 #5464.4]	ERROR	swReactorThread_send (ERROR 1005): send event$[4] failed, session#93125 does not exist.
[2017-04-19 09:19:51 #5464.1]	ERROR	swReactorThread_send (ERROR 1005): send event$[4] failed, session#94821 does not exist.
[2017-04-19 09:19:57 #5464.3]	ERROR	swReactorThread_send (ERROR 1005): send event$[4] failed, session#100869 does not exist.
[2017-04-19 09:19:57 #5464.6]	ERROR	swReactorThread_send (ERROR 1005): send event$[4] failed, session#101688 does not exist.
[2017-04-19 09:19:57 #5464.0]	ERROR	swReactorThread_send (ERROR 1005): send event$[4] failed, session#105433 does not exist.
[2017-04-19 09:19:59 #5464.1]	ERROR	swReactorThread_send (ERROR 1005): send event$[4] failed, session#110643 does not exist.
[2017-04-19 09:19:59 #5464.1]	ERROR	swReactorThread_send (ERROR 1005): send event$[4] failed, session#112905 does not exist.
[2017-04-19 09:20:00 #5464.3]	ERROR	swReactorThread_send (ERROR 1005): send event$[4] failed, session#113630 does not exist.
[2017-04-19 09:20:00 #5464.0]	ERROR	swReactorThread_send (ERROR 1005): send event$[4] failed, session#114076 does not exist.
[2017-04-19 09:20:00 #5464.3]	ERROR	swReactorThread_send (ERROR 1005): send event$[4] failed, session#115444 does not exist.
[2017-04-19 09:20:00 #5464.5]	ERROR	swReactorThread_send (ERROR 1005): send event$[4] failed, session#115648 does not exist.
[2017-04-19 09:20:00 #5464.3]	ERROR	swReactorThread_send (ERROR 1005): send event$[4] failed, session#116230 does not exist.
[2017-04-19 09:20:06 #5464.1]	ERROR	swReactorThread_send (ERROR 1005): send event$[4] failed, session#135101 does not exist.
[2017-04-19 09:20:06 #5464.3]	ERROR	swReactorThread_send (ERROR 1005): send event$[4] failed, session#135495 does not exist.
[2017-04-19 09:20:26 #5464.1]	ERROR	swReactorThread_send (ERROR 1005): send event$[4] failed, session#137575 does not exist.
[2017-04-19 09:20:26 #5464.3]	ERROR	swReactorThread_send (ERROR 1005): send event$[4] failed, session#137934 does not exist.
[2017-04-19 09:20:26 #5464.2]	ERROR	swReactorThread_send (ERROR 1005): send event$[4] failed, session#139125 does not exist.
[2017-04-19 09:20:27 #5464.1]	ERROR	swReactorThread_send (ERROR 1005): send event$[4] failed, session#143586 does not exist.
[2017-04-19 09:20:27 #5464.6]	ERROR	swReactorThread_send (ERROR 1005): send event$[4] failed, session#145294 does not exist.
[2017-04-19 09:20:29 #5464.2]	ERROR	swReactorThread_send (ERROR 1005): send event$[4] failed, session#147698 does not exist.
[2017-04-19 09:20:29 #5464.6]	ERROR	swReactorThread_send (ERROR 1005): send event$[4] failed, session#150904 does not exist.
[2017-04-19 09:20:29 #5464.7]	ERROR	swReactorThread_send (ERROR 1005): send event$[4] failed, session#151901 does not exist.
[2017-04-19 09:20:29 #5464.2]	ERROR	swReactorThread_send (ERROR 1005): send event$[4] failed, session#152189 does not exist.
[2017-04-19 09:20:29 #5464.1]	ERROR	swReactorThread_send (ERROR 1005): send event$[4] failed, session#155178 does not exist.
[2017-04-19 09:20:29 #5464.1]	ERROR	swReactorThread_send (ERROR 1005): send event$[4] failed, session#155640 does not exist.
[2017-04-19 09:20:31 #5464.1]	ERROR	swReactorThread_send (ERROR 1005): send event$[4] failed, session#158462 does not exist.
